# JRE version: Java(TM) SE Runtime Environment (17.0.11+7) (build 17.0.11+7-LTS-207)
# Java VM: Java HotSpot(TM) 64-Bit Server VM (17.0.11+7-LTS-207, mixed mode, sharing, tiered, compressed oops, compressed class ptrs, g1 gc, windows-amd64)
GC Precious Log:
 CPUs: 8 total, 8 available
 Memory: 8064M
 Large Page Support: Disabled
 NUMA Support: Disabled
 Compressed Oops: Enabled (32-bit)
 Heap Region Size: 1M
 Heap Min Capacity: 8M
 Heap Initial Capacity: 128M
 Heap Max Capacity: 2018M
 Pre-touch: Disabled
 Parallel Workers: 8
 Concurrent Workers: 2
 Concurrent Refinement Workers: 8
 Periodic GC: Disabled
Heap:
 garbage-first heap   total 286720K, used 227489K [0x0000000081e00000, 0x0000000100000000)
  region size 1024K, 35 young (35840K), 5 survivors (5120K)
 Metaspace       used 15365K, committed 15616K, reserved 1114112K
  class space    used 1503K, committed 1600K, reserved 1048576K
GC Heap History (20 events):
Event: 11006.290 GC heap before
{Heap before GC invocations=859 (full 0):
 garbage-first heap   total 286720K, used 240308K [0x0000000081e00000, 0x0000000100000000)
  region size 1024K, 77 young (78848K), 10 survivors (10240K)
 Metaspace       used 15048K, committed 15360K, reserved 1114112K
  class space    used 1451K, committed 1600K, reserved 1048576K
}
Event: 11006.469 GC heap after
{Heap after GC invocations=860 (full 0):
 garbage-first heap   total 286720K, used 176496K [0x0000000081e00000, 0x0000000100000000)
  region size 1024K, 6 young (6144K), 6 survivors (6144K)
 Metaspace       used 15048K, committed 15360K, reserved 1114112K
  class space    used 1451K, committed 1600K, reserved 1048576K
}
Event: 11023.835 GC heap before
{Heap before GC invocations=860 (full 0):
 garbage-first heap   total 286720K, used 241008K [0x0000000081e00000, 0x0000000100000000)
  region size 1024K, 70 young (71680K), 6 survivors (6144K)
 Metaspace       used 15048K, committed 15360K, reserved 1114112K
  class space    used 1451K, committed 1600K, reserved 1048576K
}
Event: 11023.862 GC heap after
{Heap after GC invocations=861 (full 0):
 garbage-first heap   total 286720K, used 179200K [0x0000000081e00000, 0x0000000100000000)
  region size 1024K, 4 young (4096K), 4 survivors (4096K)
 Metaspace       used 15048K, committed 15360K, reserved 1114112K
  class space    used 1451K, committed 1600K, reserved 1048576K
}
Event: 11041.715 GC heap before
{Heap before GC invocations=861 (full 0):
 garbage-first heap   total 286720K, used 242688K [0x0000000081e00000, 0x0000000100000000)
  region size 1024K, 67 young (68608K), 4 survivors (4096K)
 Metaspace       used 15048K, committed 15360K, reserved 1114112K
  class space    used 1451K, committed 1600K, reserved 1048576K
}
Event: 11041.722 GC heap after
{Heap after GC invocations=862 (full 0):
 garbage-first heap   total 286720K, used 181637K [0x0000000081e00000, 0x0000000100000000)
  region size 1024K, 7 young (7168K), 7 survivors (7168K)
 Metaspace       used 15048K, committed 15360K, reserved 1114112K
  class space    used 1451K, committed 1600K, reserved 1048576K
}
Event: 11058.621 GC heap before
{Heap before GC invocations=862 (full 0):
 garbage-first heap   total 286720K, used 243077K [0x0000000081e00000, 0x0000000100000000)
  region size 1024K, 68 young (69632K), 7 survivors (7168K)
 Metaspace       used 15048K, committed 15360K, reserved 1114112K
  class space    used 1451K, committed 1600K, reserved 1048576K
}
Event: 11058.632 GC heap after
{Heap after GC invocations=863 (full 0):
 garbage-first heap   total 286720K, used 184767K [0x0000000081e00000, 0x0000000100000000)
  region size 1024K, 7 young (7168K), 7 survivors (7168K)
 Metaspace       used 15048K, committed 15360K, reserved 1114112K
  class space    used 1451K, committed 1600K, reserved 1048576K
}
Event: 11080.835 GC heap before
{Heap before GC invocations=863 (full 0):
 garbage-first heap   total 286720K, used 243135K [0x0000000081e00000, 0x0000000100000000)
  region size 1024K, 65 young (66560K), 7 survivors (7168K)
 Metaspace       used 15048K, committed 15360K, reserved 1114112K
  class space    used 1451K, committed 1600K, reserved 1048576K
}
Event: 11080.864 GC heap after
{Heap after GC invocations=864 (full 0):
 garbage-first heap   total 286720K, used 187601K [0x0000000081e00000, 0x0000000100000000)
  region size 1024K, 8 young (8192K), 8 survivors (8192K)
 Metaspace       used 15048K, committed 15360K, reserved 1114112K
  class space    used 1451K, committed 1600K, reserved 1048576K
}
Event: 11098.997 GC heap before
{Heap before GC invocations=864 (full 0):
 garbage-first heap   total 286720K, used 243921K [0x0000000081e00000, 0x0000000100000000)
  region size 1024K, 64 young (65536K), 8 survivors (8192K)
 Metaspace       used 15048K, committed 15360K, reserved 1114112K
  class space    used 1451K, committed 1600K, reserved 1048576K
}
Event: 11099.010 GC heap after
{Heap after GC invocations=865 (full 0):
 garbage-first heap   total 286720K, used 190650K [0x0000000081e00000, 0x0000000100000000)
  region size 1024K, 8 young (8192K), 8 survivors (8192K)
 Metaspace       used 15048K, committed 15360K, reserved 1114112K
  class space    used 1451K, committed 1600K, reserved 1048576K
}
Event: 11114.877 GC heap before
{Heap before GC invocations=865 (full 0):
 garbage-first heap   total 286720K, used 243898K [0x0000000081e00000, 0x0000000100000000)
  region size 1024K, 61 young (62464K), 8 survivors (8192K)
 Metaspace       used 15048K, committed 15360K, reserved 1114112K
  class space    used 1451K, committed 1600K, reserved 1048576K
}
Event: 11114.900 GC heap after
{Heap after GC invocations=866 (full 0):
 garbage-first heap   total 286720K, used 194280K [0x0000000081e00000, 0x0000000100000000)
  region size 1024K, 5 young (5120K), 5 survivors (5120K)
 Metaspace       used 15048K, committed 15360K, reserved 1114112K
  class space    used 1451K, committed 1600K, reserved 1048576K
}
Event: 11126.988 GC heap before
{Heap before GC invocations=866 (full 0):
 garbage-first heap   total 286720K, used 244456K [0x0000000081e00000, 0x0000000100000000)
  region size 1024K, 55 young (56320K), 5 survivors (5120K)
 Metaspace       used 15048K, committed 15360K, reserved 1114112K
  class space    used 1451K, committed 1600K, reserved 1048576K
}
Event: 11127.018 GC heap after
{Heap after GC invocations=867 (full 0):
 garbage-first heap   total 286720K, used 195513K [0x0000000081e00000, 0x0000000100000000)
  region size 1024K, 3 young (3072K), 3 survivors (3072K)
 Metaspace       used 15048K, committed 15360K, reserved 1114112K
  class space    used 1451K, committed 1600K, reserved 1048576K
}
Event: 11144.892 GC heap before
{Heap before GC invocations=867 (full 0):
 garbage-first heap   total 286720K, used 244665K [0x0000000081e00000, 0x0000000100000000)
  region size 1024K, 52 young (53248K), 3 survivors (3072K)
 Metaspace       used 15346K, committed 15616K, reserved 1114112K
  class space    used 1500K, committed 1600K, reserved 1048576K
}
Event: 11144.907 GC heap after
{Heap after GC invocations=868 (full 0):
 garbage-first heap   total 286720K, used 196722K [0x0000000081e00000, 0x0000000100000000)
  region size 1024K, 4 young (4096K), 4 survivors (4096K)
 Metaspace       used 15346K, committed 15616K, reserved 1114112K
  class space    used 1500K, committed 1600K, reserved 1048576K
}
Event: 11199.909 GC heap before
{Heap before GC invocations=868 (full 0):
 garbage-first heap   total 286720K, used 245874K [0x0000000081e00000, 0x0000000100000000)
  region size 1024K, 53 young (54272K), 4 survivors (4096K)
 Metaspace       used 15351K, committed 15616K, reserved 1114112K
  class space    used 1500K, committed 1600K, reserved 1048576K
}
Event: 11199.936 GC heap after
{Heap after GC invocations=869 (full 0):
 garbage-first heap   total 286720K, used 198817K [0x0000000081e00000, 0x0000000100000000)
  region size 1024K, 5 young (5120K), 5 survivors (5120K)
 Metaspace       used 15351K, committed 15616K, reserved 1114112K
  class space    used 1500K, committed 1600K, reserved 1048576K
}

